[01m[K/home/linux/ros2_ws/src/simulation_sub/src/sub.cpp:[m[K In function â€˜[01m[Kvoid mysub_callback(rclcpp::Node::SharedPtr, sensor_msgs::msg::CompressedImage_<std::allocator<void> >::SharedPtr)[m[Kâ€™:
[01m[K/home/linux/ros2_ws/src/simulation_sub/src/sub.cpp:54:25:[m[K [01;31m[Kerror: [m[Kâ€˜[01m[Kthresh[m[Kâ€™ was not declared in this scope
   54 |     error = Errorobject([01;31m[Kthresh[m[K, tmp_pt);
      |                         [01;31m[K^~~~~~[m[K
[01m[K/home/linux/ros2_ws/src/simulation_sub/src/sub.cpp:54:13:[m[K [01;31m[Kerror: [m[Kâ€˜[01m[KErrorobject[m[Kâ€™ was not declared in this scope
   54 |     error = [01;31m[KErrorobject[m[K(thresh, tmp_pt);
      |             [01;31m[K^~~~~~~~~~~[m[K
make[2]: *** [CMakeFiles/sub.dir/build.make:63: CMakeFiles/sub.dir/src/sub.cpp.o] Error 1
make[1]: *** [CMakeFiles/Makefile2:78: CMakeFiles/sub.dir/all] Error 2
make: *** [Makefile:141: all] Error 2
