[0.008s] Invoking command in '/home/linux/ros2_ws/build/simulation_sub': CMAKE_PREFIX_PATH=${CMAKE_PREFIX_PATH}:/opt/ros/foxy /usr/bin/cmake --build /home/linux/ros2_ws/build/simulation_sub -- -j24 -l24
[0.031s] [35m[1mScanning dependencies of target sub[0m
[0.046s] [ 33%] [32mBuilding CXX object CMakeFiles/sub.dir/src/sub.cpp.o[0m
[1.268s] [01m[K/home/linux/ros2_ws/src/simulation_sub/src/sub.cpp:[m[K In function â€˜[01m[Kvoid mysub_callback(rclcpp::Node::SharedPtr, sensor_msgs::msg::CompressedImage_<std::allocator<void> >::SharedPtr)[m[Kâ€™:
[1.268s] [01m[K/home/linux/ros2_ws/src/simulation_sub/src/sub.cpp:54:25:[m[K [01;31m[Kerror: [m[Kâ€˜[01m[Kthresh[m[Kâ€™ was not declared in this scope
[1.268s]    54 |     error = Errorobject([01;31m[Kthresh[m[K, tmp_pt);
[1.268s]       |                         [01;31m[K^~~~~~[m[K
[1.269s] [01m[K/home/linux/ros2_ws/src/simulation_sub/src/sub.cpp:54:13:[m[K [01;31m[Kerror: [m[Kâ€˜[01m[KErrorobject[m[Kâ€™ was not declared in this scope
[1.269s]    54 |     error = [01;31m[KErrorobject[m[K(thresh, tmp_pt);
[1.269s]       |             [01;31m[K^~~~~~~~~~~[m[K
[2.326s] make[2]: *** [CMakeFiles/sub.dir/build.make:63: CMakeFiles/sub.dir/src/sub.cpp.o] Error 1
[2.327s] make[1]: *** [CMakeFiles/Makefile2:78: CMakeFiles/sub.dir/all] Error 2
[2.327s] make: *** [Makefile:141: all] Error 2
[2.328s] Invoked command in '/home/linux/ros2_ws/build/simulation_sub' returned '2': CMAKE_PREFIX_PATH=${CMAKE_PREFIX_PATH}:/opt/ros/foxy /usr/bin/cmake --build /home/linux/ros2_ws/build/simulation_sub -- -j24 -l24
