[01m[K/home/linux/ros2_ws/src/simulation_sub/src/object.cpp:[m[K In function â€˜[01m[Kint Errorobject(cv::Mat&, cv::Point&)[m[Kâ€™:
[01m[K/home/linux/ros2_ws/src/simulation_sub/src/object.cpp:65:14:[m[K [01;31m[Kerror: [m[Kâ€˜[01m[Kthresh[m[Kâ€™ was not declared in this scope
   65 |     return (([01;31m[Kthresh[m[K.cols / 2) - tmp_pt.x);
      |              [01;31m[K^~~~~~[m[K
[01m[K/home/linux/ros2_ws/src/simulation_sub/src/object.cpp:64:26:[m[K [01;35m[Kwarning: [m[Kunused parameter â€˜[01m[Kbinary[m[Kâ€™ [[01;35m[K-Wunused-parameter[m[K]
   64 | int Errorobject([01;35m[Kcv::Mat& binary[m[K, cv::Point& tmp_pt) {
      |                 [01;35m[K~~~~~~~~~^~~~~~[m[K
make[2]: *** [CMakeFiles/sub.dir/build.make:76: CMakeFiles/sub.dir/src/object.cpp.o] Error 1
make[2]: *** Waiting for unfinished jobs....
[01m[K/home/linux/ros2_ws/src/simulation_sub/src/sub.cpp:[m[K In function â€˜[01m[Kvoid mysub_callback(rclcpp::Node::SharedPtr, sensor_msgs::msg::CompressedImage_<std::allocator<void> >::SharedPtr)[m[Kâ€™:
[01m[K/home/linux/ros2_ws/src/simulation_sub/src/sub.cpp:54:25:[m[K [01;31m[Kerror: [m[Kâ€˜[01m[Kthresh[m[Kâ€™ was not declared in this scope
   54 |     error = Errorobject([01;31m[Kthresh[m[K, tmp_pt);
      |                         [01;31m[K^~~~~~[m[K
make[2]: *** [CMakeFiles/sub.dir/build.make:63: CMakeFiles/sub.dir/src/sub.cpp.o] Error 1
make[1]: *** [CMakeFiles/Makefile2:78: CMakeFiles/sub.dir/all] Error 2
make: *** [Makefile:141: all] Error 2
