[0.018s] Invoking command in '/home/linux/ros2_ws/build/simulation_sub': CMAKE_PREFIX_PATH=${CMAKE_PREFIX_PATH}:/opt/ros/foxy /usr/bin/cmake --build /home/linux/ros2_ws/build/simulation_sub -- -j24 -l24
[0.041s] [35m[1mScanning dependencies of target sub[0m
[0.056s] [ 33%] [32mBuilding CXX object CMakeFiles/sub.dir/src/sub.cpp.o[0m
[1.293s] [01m[K/home/linux/ros2_ws/src/simulation_sub/src/sub.cpp:[m[K In function â€˜[01m[Kvoid mysub_callback(rclcpp::Node::SharedPtr, sensor_msgs::msg::CompressedImage_<std::allocator<void> >::SharedPtr)[m[Kâ€™:
[1.293s] [01m[K/home/linux/ros2_ws/src/simulation_sub/src/sub.cpp:55:1:[m[K [01;31m[Kerror: [m[Ka function-definition is not allowed here before â€˜[01m[K{[m[Kâ€™ token
[1.293s]    55 | [01;31m[K{[m[K
[1.293s]       | [01;31m[K^[m[K
[1.293s] [01m[K/home/linux/ros2_ws/src/simulation_sub/src/sub.cpp:72:1:[m[K [01;31m[Kerror: [m[Kexpected â€˜[01m[K}[m[Kâ€™ at end of input
[1.293s]    72 | [01;31m[K}[m[K
[1.293s]       | [01;31m[K^[m[K
[1.293s] [01m[K/home/linux/ros2_ws/src/simulation_sub/src/sub.cpp:16:1:[m[K [01;36m[Knote: [m[Kto match this â€˜[01m[K{[m[Kâ€™
[1.293s]    16 | [01;36m[K{[m[K
[1.293s]       | [01;36m[K^[m[K
[1.691s] make[2]: *** [CMakeFiles/sub.dir/build.make:63: CMakeFiles/sub.dir/src/sub.cpp.o] Error 1
[1.691s] make[1]: *** [CMakeFiles/Makefile2:78: CMakeFiles/sub.dir/all] Error 2
[1.691s] make: *** [Makefile:141: all] Error 2
[1.693s] Invoked command in '/home/linux/ros2_ws/build/simulation_sub' returned '2': CMAKE_PREFIX_PATH=${CMAKE_PREFIX_PATH}:/opt/ros/foxy /usr/bin/cmake --build /home/linux/ros2_ws/build/simulation_sub -- -j24 -l24
