[0.009s] Invoking command in '/home/linux/ros2_ws/build/simulation_sub': CMAKE_PREFIX_PATH=${CMAKE_PREFIX_PATH}:/opt/ros/foxy /usr/bin/cmake --build /home/linux/ros2_ws/build/simulation_sub -- -j24 -l24
[0.064s] [35m[1mScanning dependencies of target sub[0m
[0.088s] [ 33%] [32mBuilding CXX object CMakeFiles/sub.dir/src/sub.cpp.o[0m
[1.466s] [01m[K/home/linux/ros2_ws/src/simulation_sub/src/sub.cpp:[m[K In function â€˜[01m[Kvoid mysub_callback(rclcpp::Node::SharedPtr, sensor_msgs::msg::CompressedImage_<std::allocator<void> >::SharedPtr)[m[Kâ€™:
[1.466s] [01m[K/home/linux/ros2_ws/src/simulation_sub/src/sub.cpp:54:13:[m[K [01;31m[Kerror: [m[Kreference to â€˜[01m[KError[m[Kâ€™ is ambiguous
[1.466s]    54 |     error = [01;31m[KError[m[K(thresh, tmp_pt);
[1.466s]       |             [01;31m[K^~~~~[m[K
[1.466s] In file included from [01m[K/usr/include/opencv4/opencv2/core.hpp:54[m[K,
[1.466s]                  from [01m[K/usr/include/opencv4/opencv2/opencv.hpp:52[m[K,
[1.466s]                  from [01m[K/home/linux/ros2_ws/src/simulation_sub/src/object.hpp:5[m[K,
[1.466s]                  from [01m[K/home/linux/ros2_ws/src/simulation_sub/src/sub.cpp:1[m[K:
[1.466s] [01m[K/usr/include/opencv4/opencv2/core/base.hpp:66:11:[m[K [01;36m[Knote: [m[Kcandidates are: â€˜[01m[Knamespace cv::Error { }[m[Kâ€™
[1.466s]    66 | namespace [01;36m[KError[m[K {
[1.466s]       |           [01;36m[K^~~~~[m[K
[1.466s] In file included from [01m[K/home/linux/ros2_ws/src/simulation_sub/src/sub.cpp:1[m[K:
[1.466s] [01m[K/home/linux/ros2_ws/src/simulation_sub/src/object.hpp:13:5:[m[K [01;36m[Knote: [m[K                â€˜[01m[Kint Error(cv::Mat&, cv::Point&)[m[Kâ€™
[1.466s]    13 | int [01;36m[KError[m[K(Mat& thresh, Point& tmp_pt);
[1.466s]       |     [01;36m[K^~~~~[m[K
[2.525s] make[2]: *** [CMakeFiles/sub.dir/build.make:63: CMakeFiles/sub.dir/src/sub.cpp.o] Error 1
[2.525s] make[1]: *** [CMakeFiles/Makefile2:78: CMakeFiles/sub.dir/all] Error 2
[2.525s] make: *** [Makefile:141: all] Error 2
[2.527s] Invoked command in '/home/linux/ros2_ws/build/simulation_sub' returned '2': CMAKE_PREFIX_PATH=${CMAKE_PREFIX_PATH}:/opt/ros/foxy /usr/bin/cmake --build /home/linux/ros2_ws/build/simulation_sub -- -j24 -l24
