[0.009s] Invoking command in '/home/linux/ros2_ws/build/simulation_sub': CMAKE_PREFIX_PATH=${CMAKE_PREFIX_PATH}:/opt/ros/foxy /usr/bin/cmake --build /home/linux/ros2_ws/build/simulation_sub -- -j24 -l24
[0.037s] [35m[1mScanning dependencies of target sub[0m
[0.052s] [ 33%] [32mBuilding CXX object CMakeFiles/sub.dir/src/sub.cpp.o[0m
[1.315s] [01m[K/home/linux/ros2_ws/src/simulation_sub/src/sub.cpp:[m[K In function â€˜[01m[Kvoid mysub_callback(rclcpp::Node::SharedPtr, sensor_msgs::msg::CompressedImage_<std::allocator<void> >::SharedPtr)[m[Kâ€™:
[1.315s] [01m[K/home/linux/ros2_ws/src/simulation_sub/src/sub.cpp:50:23:[m[K [01;31m[Kerror: [m[Kcannot convert â€˜[01m[Kstd::chrono::duration<float, std::ratio<1, 1000> >[m[Kâ€™ to â€˜[01m[Kfloat[m[Kâ€™ in initialization
[1.315s]    50 |     float totalTime = [01;31m[Kduration<float, std::milli>(end_time - start_time)[m[K; // ë°€ë¦¬ì´ˆ ë‹¨ìœ„
[1.315s]       |                       [01;31m[K^~~~~~~~~~~~~~~~~~~~~~~~~~~~~~~~~~~~~~~~~~~~~~~~~~[m[K
[1.315s]       |                       [01;31m[K|[m[K
[1.315s]       |                       [01;31m[Kstd::chrono::duration<float, std::ratio<1, 1000> >[m[K
[1.315s] In file included from [01m[K/opt/ros/foxy/include/rclcpp/client.hpp:40[m[K,
[1.315s]                  from [01m[K/opt/ros/foxy/include/rclcpp/callback_group.hpp:23[m[K,
[1.315s]                  from [01m[K/opt/ros/foxy/include/rclcpp/any_executable.hpp:20[m[K,
[1.315s]                  from [01m[K/opt/ros/foxy/include/rclcpp/memory_strategy.hpp:24[m[K,
[1.315s]                  from [01m[K/opt/ros/foxy/include/rclcpp/memory_strategies.hpp:18[m[K,
[1.315s]                  from [01m[K/opt/ros/foxy/include/rclcpp/executor_options.hpp:20[m[K,
[1.315s]                  from [01m[K/opt/ros/foxy/include/rclcpp/executor.hpp:33[m[K,
[1.315s]                  from [01m[K/opt/ros/foxy/include/rclcpp/executors/multi_threaded_executor.hpp:26[m[K,
[1.315s]                  from [01m[K/opt/ros/foxy/include/rclcpp/executors.hpp:21[m[K,
[1.315s]                  from [01m[K/opt/ros/foxy/include/rclcpp/rclcpp.hpp:146[m[K,
[1.315s]                  from [01m[K/home/linux/ros2_ws/src/simulation_sub/src/sub.cpp:2[m[K:
[1.315s] [01m[K/home/linux/ros2_ws/src/simulation_sub/src/sub.cpp:52:58:[m[K [01;31m[Kerror: [m[Krequest for member â€˜[01m[Kcount[m[Kâ€™ in â€˜[01m[KtotalTime[m[Kâ€™, which is of non-class type â€˜[01m[Kfloat[m[Kâ€™
[1.315s]    52 |     RCLCPP_INFO(node->get_logger(), "Time:%f", totalTime.[01;31m[Kcount[m[K());
[1.315s]       |                                                          [01;31m[K^~~~~[m[K
[1.315s] [01m[K/home/linux/ros2_ws/src/simulation_sub/src/sub.cpp:55:1:[m[K [01;31m[Kerror: [m[Ka function-definition is not allowed here before â€˜[01m[K{[m[Kâ€™ token
[1.315s]    55 | [01;31m[K{[m[K
[1.315s]       | [01;31m[K^[m[K
[1.315s] [01m[K/home/linux/ros2_ws/src/simulation_sub/src/sub.cpp:72:1:[m[K [01;31m[Kerror: [m[Kexpected â€˜[01m[K}[m[Kâ€™ at end of input
[1.315s]    72 | [01;31m[K}[m[K
[1.315s]       | [01;31m[K^[m[K
[1.315s] [01m[K/home/linux/ros2_ws/src/simulation_sub/src/sub.cpp:16:1:[m[K [01;36m[Knote: [m[Kto match this â€˜[01m[K{[m[Kâ€™
[1.315s]    16 | [01;36m[K{[m[K
[1.315s]       | [01;36m[K^[m[K
[1.737s] make[2]: *** [CMakeFiles/sub.dir/build.make:63: CMakeFiles/sub.dir/src/sub.cpp.o] Error 1
[1.737s] make[1]: *** [CMakeFiles/Makefile2:78: CMakeFiles/sub.dir/all] Error 2
[1.737s] make: *** [Makefile:141: all] Error 2
[1.739s] Invoked command in '/home/linux/ros2_ws/build/simulation_sub' returned '2': CMAKE_PREFIX_PATH=${CMAKE_PREFIX_PATH}:/opt/ros/foxy /usr/bin/cmake --build /home/linux/ros2_ws/build/simulation_sub -- -j24 -l24
