[0.008s] Invoking command in '/home/linux/ros2_ws/build/simulation_sub': CMAKE_PREFIX_PATH=${CMAKE_PREFIX_PATH}:/opt/ros/foxy /usr/bin/cmake --build /home/linux/ros2_ws/build/simulation_sub -- -j24 -l24
[0.033s] [35m[1mScanning dependencies of target sub[0m
[0.049s] [ 33%] [32mBuilding CXX object CMakeFiles/sub.dir/src/sub.cpp.o[0m
[0.049s] [ 66%] [32mBuilding CXX object CMakeFiles/sub.dir/src/object.cpp.o[0m
[0.719s] [01m[K/home/linux/ros2_ws/src/simulation_sub/src/object.cpp:[m[K In function â€˜[01m[Kint Errorobject(cv::Mat&, cv::Point&)[m[Kâ€™:
[0.719s] [01m[K/home/linux/ros2_ws/src/simulation_sub/src/object.cpp:65:14:[m[K [01;31m[Kerror: [m[Kâ€˜[01m[Kthresh[m[Kâ€™ was not declared in this scope
[0.719s]    65 |     return (([01;31m[Kthresh[m[K.cols / 2) - tmp_pt.x);
[0.719s]       |              [01;31m[K^~~~~~[m[K
[0.719s] [01m[K/home/linux/ros2_ws/src/simulation_sub/src/object.cpp:64:26:[m[K [01;35m[Kwarning: [m[Kunused parameter â€˜[01m[Kbinary[m[Kâ€™ [[01;35m[K-Wunused-parameter[m[K]
[0.719s]    64 | int Errorobject([01;35m[Kcv::Mat& binary[m[K, cv::Point& tmp_pt) {
[0.719s]       |                 [01;35m[K~~~~~~~~~^~~~~~[m[K
[0.980s] make[2]: *** [CMakeFiles/sub.dir/build.make:76: CMakeFiles/sub.dir/src/object.cpp.o] Error 1
[0.980s] make[2]: *** Waiting for unfinished jobs....
[3.287s] make[1]: *** [CMakeFiles/Makefile2:78: CMakeFiles/sub.dir/all] Error 2
[3.287s] make: *** [Makefile:141: all] Error 2
[3.288s] Invoked command in '/home/linux/ros2_ws/build/simulation_sub' returned '2': CMAKE_PREFIX_PATH=${CMAKE_PREFIX_PATH}:/opt/ros/foxy /usr/bin/cmake --build /home/linux/ros2_ws/build/simulation_sub -- -j24 -l24
