[0.009s] Invoking command in '/home/linux/ros2_ws/build/simulation_sub': CMAKE_PREFIX_PATH=${CMAKE_PREFIX_PATH}:/opt/ros/foxy /usr/bin/cmake --build /home/linux/ros2_ws/build/simulation_sub -- -j24 -l24
[0.041s] [ 50%] [32mBuilding CXX object CMakeFiles/sub.dir/src/sub.cpp.o[0m
[0.045s] [01m[K/home/linux/ros2_ws/src/simulation_sub/src/sub.cpp:1:10:[m[K [01;31m[Kfatal error: [m[Kobject.hpp: No such file or directory
[0.045s]     1 | #include [01;31m[K"object.hpp"[m[K
[0.045s]       |          [01;31m[K^~~~~~~~~~~~[m[K
[0.045s] compilation terminated.
[0.045s] make[2]: *** [CMakeFiles/sub.dir/build.make:63: CMakeFiles/sub.dir/src/sub.cpp.o] Error 1
[0.045s] make[1]: *** [CMakeFiles/Makefile2:78: CMakeFiles/sub.dir/all] Error 2
[0.046s] make: *** [Makefile:141: all] Error 2
[0.047s] Invoked command in '/home/linux/ros2_ws/build/simulation_sub' returned '2': CMAKE_PREFIX_PATH=${CMAKE_PREFIX_PATH}:/opt/ros/foxy /usr/bin/cmake --build /home/linux/ros2_ws/build/simulation_sub -- -j24 -l24
