[0.010s] Invoking command in '/home/linux/ros2_ws/build/simulation_sub': CMAKE_PREFIX_PATH=${CMAKE_PREFIX_PATH}:/opt/ros/foxy /usr/bin/cmake /home/linux/ros2_ws/src/simulation_sub -DAMENT_CMAKE_SYMLINK_INSTALL=1 -DCMAKE_INSTALL_PREFIX=/home/linux/ros2_ws/install/simulation_sub
[0.199s] -- The C compiler identification is GNU 9.4.0
[0.484s] -- The CXX compiler identification is GNU 9.4.0
[0.548s] -- Check for working C compiler: /usr/bin/cc
[0.644s] -- Check for working C compiler: /usr/bin/cc -- works
[0.645s] -- Detecting C compiler ABI info
[0.743s] -- Detecting C compiler ABI info - done
[0.750s] -- Detecting C compile features
[0.750s] -- Detecting C compile features - done
[0.752s] -- Check for working CXX compiler: /usr/bin/c++
[0.844s] -- Check for working CXX compiler: /usr/bin/c++ -- works
[0.845s] -- Detecting CXX compiler ABI info
[0.944s] -- Detecting CXX compiler ABI info - done
[0.949s] -- Detecting CXX compile features
[0.950s] -- Detecting CXX compile features - done
[0.956s] -- Found ament_cmake: 0.9.12 (/opt/ros/foxy/share/ament_cmake/cmake)
[0.972s] -- Found PythonInterp: /usr/bin/python3 (found suitable version "3.8.10", minimum required is "3") 
[0.972s] -- Using PYTHON_EXECUTABLE: /usr/bin/python3
[1.056s] -- Override CMake install command with custom implementation using symlinks instead of copying resources
[1.076s] -- Found rclcpp: 2.4.3 (/opt/ros/foxy/share/rclcpp/cmake)
[1.188s] -- Using all available rosidl_typesupport_c: rosidl_typesupport_fastrtps_c;rosidl_typesupport_introspection_c
[1.193s] -- Found rosidl_adapter: 1.3.1 (/opt/ros/foxy/share/rosidl_adapter/cmake)
[1.912s] -- Found OpenSSL: /usr/lib/x86_64-linux-gnu/libcrypto.so (found version "1.1.1f")  
[2.624s] -- Found FastRTPS: /opt/ros/foxy/include  
[3.806s] -- Using all available rosidl_typesupport_cpp: rosidl_typesupport_fastrtps_cpp;rosidl_typesupport_introspection_cpp
[3.845s] -- Found rmw_implementation_cmake: 1.0.4 (/opt/ros/foxy/share/rmw_implementation_cmake/cmake)
[3.847s] -- Using RMW implementation 'rmw_fastrtps_cpp' as default
[3.848s] -- Looking for pthread.h
[3.948s] -- Looking for pthread.h - found
[3.949s] -- Performing Test CMAKE_HAVE_LIBC_PTHREAD
[4.133s] -- Performing Test CMAKE_HAVE_LIBC_PTHREAD - Failed
[4.133s] -- Looking for pthread_create in pthreads
[4.220s] -- Looking for pthread_create in pthreads - not found
[4.220s] -- Looking for pthread_create in pthread
[4.312s] -- Looking for pthread_create in pthread - found
[4.312s] -- Found Threads: TRUE  
[4.404s] -- Found sensor_msgs: 2.0.5 (/opt/ros/foxy/share/sensor_msgs/cmake)
[4.469s] -- Found cv_bridge: 3.0.7 (/opt/ros/foxy/share/cv_bridge/cmake)
[4.487s] -- Found OpenCV: /usr (found version "4.2.0") 
[4.525s] -- Configuring done
[4.532s] -- Generating done
[4.536s] -- Build files have been written to: /home/linux/ros2_ws/build/simulation_sub
[4.541s] Invoked command in '/home/linux/ros2_ws/build/simulation_sub' returned '0': CMAKE_PREFIX_PATH=${CMAKE_PREFIX_PATH}:/opt/ros/foxy /usr/bin/cmake /home/linux/ros2_ws/src/simulation_sub -DAMENT_CMAKE_SYMLINK_INSTALL=1 -DCMAKE_INSTALL_PREFIX=/home/linux/ros2_ws/install/simulation_sub
[4.543s] Invoking command in '/home/linux/ros2_ws/build/simulation_sub': CMAKE_PREFIX_PATH=${CMAKE_PREFIX_PATH}:/opt/ros/foxy /usr/bin/cmake --build /home/linux/ros2_ws/build/simulation_sub -- -j24 -l24
[4.566s] [35m[1mScanning dependencies of target sub[0m
[4.633s] [ 50%] [32mBuilding CXX object CMakeFiles/sub.dir/src/sub.cpp.o[0m
[4.639s] [01m[K/home/linux/ros2_ws/src/simulation_sub/src/sub.cpp:1:10:[m[K [01;31m[Kfatal error: [m[Kobject.hpp: No such file or directory
[4.639s]     1 | #include [01;31m[K"object.hpp"[m[K
[4.639s]       |          [01;31m[K^~~~~~~~~~~~[m[K
[4.639s] compilation terminated.
[4.639s] make[2]: *** [CMakeFiles/sub.dir/build.make:63: CMakeFiles/sub.dir/src/sub.cpp.o] Error 1
[4.639s] make[1]: *** [CMakeFiles/Makefile2:78: CMakeFiles/sub.dir/all] Error 2
[4.640s] make: *** [Makefile:141: all] Error 2
[4.641s] Invoked command in '/home/linux/ros2_ws/build/simulation_sub' returned '2': CMAKE_PREFIX_PATH=${CMAKE_PREFIX_PATH}:/opt/ros/foxy /usr/bin/cmake --build /home/linux/ros2_ws/build/simulation_sub -- -j24 -l24
